<?xml version="1.0" encoding="UTF-8"?>
<testsuite name="com.kodilla.stream.Book.BookTestSuite" tests="2" skipped="0" failures="0" errors="0" timestamp="2019-02-19T20:12:02" hostname="LAPTOP-IHMTTFL3" time="0.021">
  <properties/>
  <testcase name="testGetListUsingFor" classname="com.kodilla.stream.Book.BookTestSuite" time="0.001"/>
  <testcase name="testGetListUsingIntStream" classname="com.kodilla.stream.Book.BookTestSuite" time="0.02"/>
  <system-out><![CDATA[]]></system-out>
  <system-err><![CDATA[]]></system-err>
</testsuite>
