<?xml version="1.0" encoding="UTF-8"?>
<testsuite name="com.kodilla.stream.array.ArrayOperationsTestSuite" tests="1" skipped="0" failures="0" errors="0" timestamp="2019-02-19T20:12:02" hostname="LAPTOP-IHMTTFL3" time="0.178">
  <properties/>
  <testcase name="testGetAverage" classname="com.kodilla.stream.array.ArrayOperationsTestSuite" time="0.178"/>
  <system-out><![CDATA[5
7
9
21
15
6
8
35
23
18
13
1
31
26
34
43
45
46
53
55
]]></system-out>
  <system-err><![CDATA[]]></system-err>
</testsuite>
