<?xml version="1.0" encoding="UTF-8"?>
<testsuite name="com.kodilla.rps.PlayerTestSuite" tests="2" skipped="0" failures="0" errors="0" timestamp="2019-03-26T17:12:51" hostname="LAPTOP-IHMTTFL3" time="0.002">
  <properties/>
  <testcase name="testIsWin" classname="com.kodilla.rps.PlayerTestSuite" time="0.001"/>
  <testcase name="testWhichMoveComputerShouldChooseToWin" classname="com.kodilla.rps.PlayerTestSuite" time="0.001"/>
  <system-out><![CDATA[This is the beginning of tests.

Preparing to execute test #1

Preparing to execute test #2

All tests are finished.
]]></system-out>
  <system-err><![CDATA[]]></system-err>
</testsuite>
